https://google.com
https://github.com
example.com
# This is a comment
http://httpbin.org/status/200
https://httpbin.org/status/404
https://httpbin.org/status/418
https://httpbin.org/status/451
https://httpbin.org/status/502
https://httpbin.org/status/503
non-existing-domain.aaa.bbb.ccc
nonexisting.host.bbbbb
expired.badssl.com
youtube.com
www.google.com
apple.com
play.google.com
microsoft.com
docs.google.com
support.google.com
www.blogger.com
maps.google.com
wordpress.org
en.wikipedia.org
adobe.com
linkedin.com
plus.google.com
cloudflare.com
europa.eu
mozilla.org
sites.google.com
accounts.google.com
vimeo.com
googleusercontent.com
drive.google.com
youtu.be
amazon.com
vk.com
creativecommons.org
bbc.co.uk
bp.blogspot.com
istockphoto.com
facebook.com
medium.com
es.wikipedia.org
github.com
line.me
policies.google.com
dailymotion.com
gstatic.com
t.me
www.yahoo.com
globo.com
jimdofree.com
reuters.com
whatsapp.com
networkadvertising.org
ok.ru
aliexpress.com
photos.google.com
hugehosts.com
google.de
dropbox.com
paypal.com
slideshare.net
developers.google.com
who.int
mail.google.com
google.fr
uol.com.br
fr.wikipedia.org
w3.org
cnn.com
bbc.com
nih.gov
msn.com
pt.wikipedia.org
feedburner.com
nytimes.com
theguardian.com
wikimedia.org
google.com.br
imdb.com
google.es
live.com
forbes.com
news.google.com
google.co.uk
google.co.jp
mail.ru
myspace.com
draft.blogger.com
cpanel.com
hatena.ne.jp
sedo.com
samsung.com
fb.com
thesun.co.uk
telegram.me
picasaweb.google.com
time.com
namecheap.com
goo.gl
translate.google.com
telegraph.co.uk
pinterest.com
dailymail.co.uk
ft.com
plesk.com
aboutads.info
wsj.com
google.it
